<?xml version="1.0" encoding="UTF-8"?>
<testng-results ignored="0" total="2" passed="2" failed="0" skipped="0">
  <reporter-output>
  </reporter-output>
  <suite started-at="2021-11-24T14:51:29 BRT" name="Surefire suite" finished-at="2021-11-24T14:51:37 BRT" duration-ms="7576">
    <groups>
    </groups>
    <test started-at="2021-11-24T14:51:29 BRT" name="Surefire test" finished-at="2021-11-24T14:51:37 BRT" duration-ms="7576">
      <class name="com.dittrichlucas.FactoryPatternTest">
        <test-method is-config="true" signature="beforeTest()[pri:0, instance:com.dittrichlucas.FactoryPatternTest@44f75083]" started-at="2021-11-24T14:51:29 BRT" name="beforeTest" finished-at="2021-11-24T14:51:29 BRT" duration-ms="6" status="PASS">
          <reporter-output>
          </reporter-output>
        </test-method> <!-- beforeTest -->
        <test-method is-config="true" signature="beforeMethod()[pri:0, instance:com.dittrichlucas.FactoryPatternTest@44f75083]" started-at="2021-11-24T14:51:29 BRT" name="beforeMethod" finished-at="2021-11-24T14:51:32 BRT" duration-ms="2934" status="PASS">
          <reporter-output>
          </reporter-output>
        </test-method> <!-- beforeMethod -->
        <test-method signature="navigateToFacebook()[pri:0, instance:com.dittrichlucas.FactoryPatternTest@44f75083]" started-at="2021-11-24T14:51:32 BRT" name="navigateToFacebook" finished-at="2021-11-24T14:51:33 BRT" duration-ms="927" status="PASS">
          <reporter-output>
          </reporter-output>
        </test-method> <!-- navigateToFacebook -->
        <test-method is-config="true" signature="afterMethod()[pri:0, instance:com.dittrichlucas.FactoryPatternTest@44f75083]" started-at="2021-11-24T14:51:33 BRT" name="afterMethod" finished-at="2021-11-24T14:51:34 BRT" duration-ms="609" status="PASS">
          <reporter-output>
          </reporter-output>
        </test-method> <!-- afterMethod -->
        <test-method is-config="true" signature="beforeMethod()[pri:0, instance:com.dittrichlucas.FactoryPatternTest@44f75083]" started-at="2021-11-24T14:51:34 BRT" name="beforeMethod" finished-at="2021-11-24T14:51:35 BRT" duration-ms="1771" status="PASS">
          <reporter-output>
          </reporter-output>
        </test-method> <!-- beforeMethod -->
        <test-method signature="navigateToGoogle()[pri:0, instance:com.dittrichlucas.FactoryPatternTest@44f75083]" started-at="2021-11-24T14:51:35 BRT" name="navigateToGoogle" finished-at="2021-11-24T14:51:36 BRT" duration-ms="704" status="PASS">
          <reporter-output>
          </reporter-output>
        </test-method> <!-- navigateToGoogle -->
        <test-method is-config="true" signature="afterMethod()[pri:0, instance:com.dittrichlucas.FactoryPatternTest@44f75083]" started-at="2021-11-24T14:51:36 BRT" name="afterMethod" finished-at="2021-11-24T14:51:37 BRT" duration-ms="600" status="PASS">
          <reporter-output>
          </reporter-output>
        </test-method> <!-- afterMethod -->
      </class> <!-- com.dittrichlucas.FactoryPatternTest -->
    </test> <!-- Surefire test -->
  </suite> <!-- Surefire suite -->
</testng-results>
