<?xml version="1.0" encoding="UTF-8"?>
<testsuite xmlns:xsi="http://www.w3.org/2001/XMLSchema-instance" xsi:noNamespaceSchemaLocation="https://maven.apache.org/surefire/maven-surefire-plugin/xsd/surefire-test-report.xsd" name="com.dittrichlucas.FactoryPatternTest" time="7.838" tests="2" errors="0" skipped="0" failures="0">
  <properties>
[...]
</properties>
  <testcase name="navigateToFacebook" classname="com.dittrichlucas.FactoryPatternTest" time="0.928"/>
  <testcase name="navigateToGoogle" classname="com.dittrichlucas.FactoryPatternTest" time="0.704"/>
</testsuite>